Arguments: 
  /Users/sutindev/.nvm/versions/node/v14.8.0/bin/node /Users/sutindev/.nvm/versions/node/v14.8.0/bin/yarn add -D express nodemon pm2 bodyparser

PATH: 
  /usr/local/opt/gnu-getopt/bin:/Users/sutindev/.deno/bin:/Users/sutindev/.deno/bin/deno:/Users/sutindev/.nvm/versions/node/v14.8.0/bin:/Users/sutindev/flutter/bin:/usr/local/bin:/usr/bin:/bin:/usr/sbin:/sbin:/usr/local/go/bin:/Library/Apple/usr/bin:/usr/local/opt/gnu-getopt/bin:/Users/sutindev/.deno/bin:/Users/sutindev/.deno/bin/deno:/Users/sutindev/flutter/bin:/Users/sutindev/goroot/bin:/Users/sutindev/goroot/bin

Yarn version: 
  1.22.4

Node version: 
  14.8.0

Platform: 
  darwin x64

Trace: 
  Error: https://registry.yarnpkg.com/bodyparser: Not found
      at Request.params.callback [as _callback] (/Users/sutindev/.nvm/versions/node/v14.8.0/lib/node_modules/yarn/lib/cli.js:66987:18)
      at Request.self.callback (/Users/sutindev/.nvm/versions/node/v14.8.0/lib/node_modules/yarn/lib/cli.js:140748:22)
      at Request.emit (events.js:314:20)
      at Request.<anonymous> (/Users/sutindev/.nvm/versions/node/v14.8.0/lib/node_modules/yarn/lib/cli.js:141720:10)
      at Request.emit (events.js:314:20)
      at IncomingMessage.<anonymous> (/Users/sutindev/.nvm/versions/node/v14.8.0/lib/node_modules/yarn/lib/cli.js:141642:12)
      at Object.onceWrapper (events.js:420:28)
      at IncomingMessage.emit (events.js:326:22)
      at endReadableNT (_stream_readable.js:1244:12)
      at processTicksAndRejections (internal/process/task_queues.js:80:21)

npm manifest: 
  {
    "name": "nodejs-typescript",
    "version": "1.0.0",
    "description": "",
    "main": "dist/index.js",
    "scripts": {
      "prebuild": "tslint -c tslint.json -p tsconfig.json --fix",
      "build": "tsc",
      "prestart": "npm run build",
      "start": "node .",
      "test": "echo \"Error: no test specified\" && exit 1"
    },
    "keywords": [],
    "author": "",
    "license": "ISC",
    "devDependencies": {
      "tslint": "^6.1.3",
      "typescript": "^4.0.2"
    }
  }

yarn manifest: 
  No manifest

Lockfile: 
  No lockfile
